15:26:46.006 [main] DEBUG org.apache.poi.openxml4j.opc.PackageRelationshipCollection - Parsing relationship: /xl/_rels/workbook.xml.rels
15:26:46.024 [main] DEBUG org.apache.poi.openxml4j.opc.PackageRelationshipCollection - Parsing relationship: /xl/worksheets/_rels/sheet1.xml.rels
15:26:46.028 [main] DEBUG org.apache.poi.openxml4j.opc.PackageRelationshipCollection - Parsing relationship: /_rels/.rels
15:26:46.071 [main] DEBUG org.apache.poi.ooxml.POIXMLFactory - using default POIXMLDocumentPart for http://schemas.openxmlformats.org/officeDocument/2006/relationships/printerSettings
15:26:46.110 [main] DEBUG org.apache.poi.openxml4j.opc.PackageRelationshipCollection - Parsing relationship: /xl/_rels/workbook.xml.rels
15:26:46.120 [main] DEBUG org.apache.poi.openxml4j.opc.PackageRelationshipCollection - Parsing relationship: /xl/worksheets/_rels/sheet1.xml.rels
15:26:46.123 [main] DEBUG org.apache.poi.openxml4j.opc.PackageRelationshipCollection - Parsing relationship: /_rels/.rels
15:26:46.147 [main] DEBUG org.apache.poi.ooxml.POIXMLFactory - using default POIXMLDocumentPart for http://schemas.openxmlformats.org/officeDocument/2006/relationships/printerSettings
15:26:46.180 [main] DEBUG org.apache.poi.openxml4j.opc.PackageRelationshipCollection - Parsing relationship: /xl/_rels/workbook.xml.rels
15:26:46.183 [main] DEBUG org.apache.poi.openxml4j.opc.PackageRelationshipCollection - Parsing relationship: /xl/worksheets/_rels/sheet1.xml.rels
15:26:46.187 [main] DEBUG org.apache.poi.openxml4j.opc.PackageRelationshipCollection - Parsing relationship: /_rels/.rels
15:26:46.211 [main] DEBUG org.apache.poi.ooxml.POIXMLFactory - using default POIXMLDocumentPart for http://schemas.openxmlformats.org/officeDocument/2006/relationships/printerSettings
15:26:46.244 [main] DEBUG org.apache.poi.openxml4j.opc.PackageRelationshipCollection - Parsing relationship: /xl/_rels/workbook.xml.rels
15:26:46.246 [main] DEBUG org.apache.poi.openxml4j.opc.PackageRelationshipCollection - Parsing relationship: /xl/worksheets/_rels/sheet1.xml.rels
15:26:46.250 [main] DEBUG org.apache.poi.openxml4j.opc.PackageRelationshipCollection - Parsing relationship: /_rels/.rels
15:26:46.274 [main] DEBUG org.apache.poi.ooxml.POIXMLFactory - using default POIXMLDocumentPart for http://schemas.openxmlformats.org/officeDocument/2006/relationships/printerSettings
15:26:46.307 [main] DEBUG org.apache.poi.openxml4j.opc.PackageRelationshipCollection - Parsing relationship: /xl/_rels/workbook.xml.rels
15:26:46.309 [main] DEBUG org.apache.poi.openxml4j.opc.PackageRelationshipCollection - Parsing relationship: /xl/worksheets/_rels/sheet1.xml.rels
15:26:46.312 [main] DEBUG org.apache.poi.openxml4j.opc.PackageRelationshipCollection - Parsing relationship: /_rels/.rels
15:26:46.331 [main] DEBUG org.apache.poi.ooxml.POIXMLFactory - using default POIXMLDocumentPart for http://schemas.openxmlformats.org/officeDocument/2006/relationships/printerSettings
15:26:46.361 [main] DEBUG org.apache.poi.openxml4j.opc.PackageRelationshipCollection - Parsing relationship: /xl/_rels/workbook.xml.rels
15:26:46.364 [main] DEBUG org.apache.poi.openxml4j.opc.PackageRelationshipCollection - Parsing relationship: /xl/worksheets/_rels/sheet1.xml.rels
15:26:46.366 [main] DEBUG org.apache.poi.openxml4j.opc.PackageRelationshipCollection - Parsing relationship: /_rels/.rels
15:26:46.406 [main] DEBUG org.apache.poi.ooxml.POIXMLFactory - using default POIXMLDocumentPart for http://schemas.openxmlformats.org/officeDocument/2006/relationships/printerSettings
15:26:46.440 [main] DEBUG org.apache.poi.openxml4j.opc.PackageRelationshipCollection - Parsing relationship: /xl/_rels/workbook.xml.rels
15:26:46.442 [main] DEBUG org.apache.poi.openxml4j.opc.PackageRelationshipCollection - Parsing relationship: /xl/worksheets/_rels/sheet1.xml.rels
15:26:46.444 [main] DEBUG org.apache.poi.openxml4j.opc.PackageRelationshipCollection - Parsing relationship: /_rels/.rels
15:26:46.474 [main] DEBUG org.apache.poi.ooxml.POIXMLFactory - using default POIXMLDocumentPart for http://schemas.openxmlformats.org/officeDocument/2006/relationships/printerSettings
15:26:46.506 [main] DEBUG org.apache.poi.openxml4j.opc.PackageRelationshipCollection - Parsing relationship: /xl/_rels/workbook.xml.rels
15:26:46.508 [main] DEBUG org.apache.poi.openxml4j.opc.PackageRelationshipCollection - Parsing relationship: /xl/worksheets/_rels/sheet1.xml.rels
15:26:46.511 [main] DEBUG org.apache.poi.openxml4j.opc.PackageRelationshipCollection - Parsing relationship: /_rels/.rels
15:26:46.536 [main] DEBUG org.apache.poi.ooxml.POIXMLFactory - using default POIXMLDocumentPart for http://schemas.openxmlformats.org/officeDocument/2006/relationships/printerSettings
15:26:46.566 [main] DEBUG org.apache.poi.openxml4j.opc.PackageRelationshipCollection - Parsing relationship: /xl/_rels/workbook.xml.rels
15:26:46.568 [main] DEBUG org.apache.poi.openxml4j.opc.PackageRelationshipCollection - Parsing relationship: /xl/worksheets/_rels/sheet1.xml.rels
15:26:46.571 [main] DEBUG org.apache.poi.openxml4j.opc.PackageRelationshipCollection - Parsing relationship: /_rels/.rels
15:26:46.589 [main] DEBUG org.apache.poi.ooxml.POIXMLFactory - using default POIXMLDocumentPart for http://schemas.openxmlformats.org/officeDocument/2006/relationships/printerSettings
15:26:46.618 [main] DEBUG org.apache.poi.openxml4j.opc.PackageRelationshipCollection - Parsing relationship: /xl/_rels/workbook.xml.rels
15:26:46.620 [main] DEBUG org.apache.poi.openxml4j.opc.PackageRelationshipCollection - Parsing relationship: /xl/worksheets/_rels/sheet1.xml.rels
15:26:46.623 [main] DEBUG org.apache.poi.openxml4j.opc.PackageRelationshipCollection - Parsing relationship: /_rels/.rels
15:26:46.645 [main] DEBUG org.apache.poi.ooxml.POIXMLFactory - using default POIXMLDocumentPart for http://schemas.openxmlformats.org/officeDocument/2006/relationships/printerSettings
15:26:46.720 [main] DEBUG org.apache.poi.openxml4j.opc.PackageRelationshipCollection - Parsing relationship: /xl/_rels/workbook.xml.rels
15:26:46.723 [main] DEBUG org.apache.poi.openxml4j.opc.PackageRelationshipCollection - Parsing relationship: /xl/worksheets/_rels/sheet1.xml.rels
15:26:46.726 [main] DEBUG org.apache.poi.openxml4j.opc.PackageRelationshipCollection - Parsing relationship: /_rels/.rels
15:26:46.751 [main] DEBUG org.apache.poi.ooxml.POIXMLFactory - using default POIXMLDocumentPart for http://schemas.openxmlformats.org/officeDocument/2006/relationships/printerSettings
15:26:46.783 [main] DEBUG org.apache.poi.openxml4j.opc.PackageRelationshipCollection - Parsing relationship: /xl/_rels/workbook.xml.rels
15:26:46.785 [main] DEBUG org.apache.poi.openxml4j.opc.PackageRelationshipCollection - Parsing relationship: /xl/worksheets/_rels/sheet1.xml.rels
15:26:46.787 [main] DEBUG org.apache.poi.openxml4j.opc.PackageRelationshipCollection - Parsing relationship: /_rels/.rels
15:26:46.806 [main] DEBUG org.apache.poi.ooxml.POIXMLFactory - using default POIXMLDocumentPart for http://schemas.openxmlformats.org/officeDocument/2006/relationships/printerSettings
15:26:46.835 [main] DEBUG org.apache.poi.openxml4j.opc.PackageRelationshipCollection - Parsing relationship: /xl/_rels/workbook.xml.rels
15:26:46.838 [main] DEBUG org.apache.poi.openxml4j.opc.PackageRelationshipCollection - Parsing relationship: /xl/worksheets/_rels/sheet1.xml.rels
15:26:46.840 [main] DEBUG org.apache.poi.openxml4j.opc.PackageRelationshipCollection - Parsing relationship: /_rels/.rels
15:26:46.862 [main] DEBUG org.apache.poi.ooxml.POIXMLFactory - using default POIXMLDocumentPart for http://schemas.openxmlformats.org/officeDocument/2006/relationships/printerSettings
15:26:46.893 [main] DEBUG org.apache.poi.openxml4j.opc.PackageRelationshipCollection - Parsing relationship: /xl/_rels/workbook.xml.rels
15:26:46.895 [main] DEBUG org.apache.poi.openxml4j.opc.PackageRelationshipCollection - Parsing relationship: /xl/worksheets/_rels/sheet1.xml.rels
15:26:46.897 [main] DEBUG org.apache.poi.openxml4j.opc.PackageRelationshipCollection - Parsing relationship: /_rels/.rels
15:26:46.917 [main] DEBUG org.apache.poi.ooxml.POIXMLFactory - using default POIXMLDocumentPart for http://schemas.openxmlformats.org/officeDocument/2006/relationships/printerSettings
15:26:46.945 [main] DEBUG org.apache.poi.openxml4j.opc.PackageRelationshipCollection - Parsing relationship: /xl/_rels/workbook.xml.rels
15:26:46.946 [main] DEBUG org.apache.poi.openxml4j.opc.PackageRelationshipCollection - Parsing relationship: /xl/worksheets/_rels/sheet1.xml.rels
15:26:46.949 [main] DEBUG org.apache.poi.openxml4j.opc.PackageRelationshipCollection - Parsing relationship: /_rels/.rels
15:26:46.971 [main] DEBUG org.apache.poi.ooxml.POIXMLFactory - using default POIXMLDocumentPart for http://schemas.openxmlformats.org/officeDocument/2006/relationships/printerSettings
15:26:46.998 [main] DEBUG org.apache.poi.openxml4j.opc.PackageRelationshipCollection - Parsing relationship: /xl/_rels/workbook.xml.rels
15:26:47.001 [main] DEBUG org.apache.poi.openxml4j.opc.PackageRelationshipCollection - Parsing relationship: /xl/worksheets/_rels/sheet1.xml.rels
15:26:47.003 [main] DEBUG org.apache.poi.openxml4j.opc.PackageRelationshipCollection - Parsing relationship: /_rels/.rels
15:26:47.021 [main] DEBUG org.apache.poi.ooxml.POIXMLFactory - using default POIXMLDocumentPart for http://schemas.openxmlformats.org/officeDocument/2006/relationships/printerSettings
15:26:47.048 [main] DEBUG org.apache.poi.openxml4j.opc.PackageRelationshipCollection - Parsing relationship: /xl/_rels/workbook.xml.rels
15:26:47.052 [main] DEBUG org.apache.poi.openxml4j.opc.PackageRelationshipCollection - Parsing relationship: /xl/worksheets/_rels/sheet1.xml.rels
15:26:47.055 [main] DEBUG org.apache.poi.openxml4j.opc.PackageRelationshipCollection - Parsing relationship: /_rels/.rels
15:26:47.079 [main] DEBUG org.apache.poi.ooxml.POIXMLFactory - using default POIXMLDocumentPart for http://schemas.openxmlformats.org/officeDocument/2006/relationships/printerSettings
15:26:47.106 [main] DEBUG org.apache.poi.openxml4j.opc.PackageRelationshipCollection - Parsing relationship: /xl/_rels/workbook.xml.rels
15:26:47.108 [main] DEBUG org.apache.poi.openxml4j.opc.PackageRelationshipCollection - Parsing relationship: /xl/worksheets/_rels/sheet1.xml.rels
15:26:47.110 [main] DEBUG org.apache.poi.openxml4j.opc.PackageRelationshipCollection - Parsing relationship: /_rels/.rels
15:26:47.133 [main] DEBUG org.apache.poi.ooxml.POIXMLFactory - using default POIXMLDocumentPart for http://schemas.openxmlformats.org/officeDocument/2006/relationships/printerSettings
15:26:47.158 [main] DEBUG org.apache.poi.openxml4j.opc.PackageRelationshipCollection - Parsing relationship: /xl/_rels/workbook.xml.rels
15:26:47.160 [main] DEBUG org.apache.poi.openxml4j.opc.PackageRelationshipCollection - Parsing relationship: /xl/worksheets/_rels/sheet1.xml.rels
15:26:47.162 [main] DEBUG org.apache.poi.openxml4j.opc.PackageRelationshipCollection - Parsing relationship: /_rels/.rels
15:26:47.184 [main] DEBUG org.apache.poi.ooxml.POIXMLFactory - using default POIXMLDocumentPart for http://schemas.openxmlformats.org/officeDocument/2006/relationships/printerSettings
15:26:47.210 [main] DEBUG org.apache.poi.openxml4j.opc.PackageRelationshipCollection - Parsing relationship: /xl/_rels/workbook.xml.rels
15:26:47.212 [main] DEBUG org.apache.poi.openxml4j.opc.PackageRelationshipCollection - Parsing relationship: /xl/worksheets/_rels/sheet1.xml.rels
15:26:47.214 [main] DEBUG org.apache.poi.openxml4j.opc.PackageRelationshipCollection - Parsing relationship: /_rels/.rels
15:26:47.232 [main] DEBUG org.apache.poi.ooxml.POIXMLFactory - using default POIXMLDocumentPart for http://schemas.openxmlformats.org/officeDocument/2006/relationships/printerSettings
15:26:47.304 [main] INFO  testCases.TC003_LoginDDTest - **** TC003_Started ****
15:26:49.940 [main] INFO  testCases.TC003_LoginDDTest - **** TC003_Finished ****
15:26:49.975 [main] INFO  testCases.TC003_LoginDDTest - **** TC003_Started ****
15:26:52.518 [main] INFO  testCases.TC003_LoginDDTest - **** TC003_Finished ****
15:26:52.531 [main] INFO  testCases.TC003_LoginDDTest - **** TC003_Started ****
15:26:55.253 [main] INFO  testCases.TC003_LoginDDTest - **** TC003_Finished ****
15:26:55.273 [main] INFO  testCases.TC003_LoginDDTest - **** TC003_Started ****
15:27:07.289 [main] INFO  testCases.TC003_LoginDDTest - **** TC003_Finished ****
15:27:07.300 [main] INFO  testCases.TC003_LoginDDTest - **** TC003_Started ****
15:27:09.699 [main] INFO  testCases.TC003_LoginDDTest - **** TC003_Finished ****
15:27:09.721 [main] INFO  testCases.TC003_LoginDDTest - **** TC003_Started ****
15:27:11.846 [main] INFO  testCases.TC003_LoginDDTest - **** TC003_Finished ****
15:27:11.860 [main] INFO  testCases.TC003_LoginDDTest - **** TC003_Started ****
15:27:14.131 [main] INFO  testCases.TC003_LoginDDTest - **** TC003_Started ****
15:27:25.596 [main] INFO  testCases.TC003_LoginDDTest - **** TC003_Finished ****
15:27:25.606 [main] INFO  testCases.TC003_LoginDDTest - **** TC003_Started ****
15:27:36.827 [main] INFO  testCases.TC003_LoginDDTest - **** TC003_Finished ****
19:05:01.759 [main] DEBUG org.testng.TestNG - suiteXmlPath: "C:\Users\Udaykumar\eclipse-workspace\OpenCartV1.0\groups.xml"
19:05:02.548 [main] INFO  org.testng.internal.Utils - [TestNG] Running:
  C:\Users\Udaykumar\eclipse-workspace\OpenCartV1.0\groups.xml

19:05:23.919 [main] INFO  testCases.TC001_AccountsRegistration - ******  Test Started *****
19:05:23.920 [main] INFO  testCases.TC001_AccountsRegistration - ****** Home page Started *****
19:05:23.970 [main] INFO  testCases.TC001_AccountsRegistration - ****** Click On My account *****
19:05:24.105 [main] INFO  testCases.TC001_AccountsRegistration - ****** Click on register *****
19:05:25.301 [main] INFO  testCases.TC001_AccountsRegistration - ****** Registration page Started *****
19:05:25.305 [main] INFO  testCases.TC001_AccountsRegistration - ******Customer Details *****
19:05:27.357 [main] INFO  testCases.TC001_AccountsRegistration - ****** Validating Message *****
19:05:27.448 [main] INFO  testCases.TC001_AccountsRegistration - ****** test executed *****
19:05:39.639 [main] INFO  testCases.TC002_LoginTest - **** Test Started ****
19:05:41.486 [main] INFO  testCases.TC002_LoginTest - *** Test Finished ****
19:10:13.648 [main] DEBUG org.testng.TestNG - suiteXmlPath: "C:\Users\Udaykumar\eclipse-workspace\OpenCartV1.0\groups.xml"
19:10:14.343 [main] INFO  org.testng.internal.Utils - [TestNG] Running:
  C:\Users\Udaykumar\eclipse-workspace\OpenCartV1.0\groups.xml

19:12:47.167 [main] DEBUG org.testng.TestNG - suiteXmlPath: "C:\Users\Udaykumar\eclipse-workspace\OpenCartV1.0\groups.xml"
19:12:47.905 [main] INFO  org.testng.internal.Utils - [TestNG] Running:
  C:\Users\Udaykumar\eclipse-workspace\OpenCartV1.0\groups.xml

19:13:01.886 [main] DEBUG org.testng.TestNG - suiteXmlPath: "C:\Users\Udaykumar\eclipse-workspace\OpenCartV1.0\groups.xml"
19:13:02.593 [main] INFO  org.testng.internal.Utils - [TestNG] Running:
  C:\Users\Udaykumar\eclipse-workspace\OpenCartV1.0\groups.xml

19:13:23.420 [main] DEBUG org.testng.TestNG - suiteXmlPath: "C:\Users\Udaykumar\eclipse-workspace\OpenCartV1.0\groups.xml"
19:13:24.145 [main] INFO  org.testng.internal.Utils - [TestNG] Running:
  C:\Users\Udaykumar\eclipse-workspace\OpenCartV1.0\groups.xml

19:14:15.886 [main] DEBUG org.testng.TestNG - suiteXmlPath: "C:\Users\Udaykumar\eclipse-workspace\OpenCartV1.0\master.xml"
19:14:16.580 [main] INFO  org.testng.internal.Utils - [TestNG] Running:
  C:\Users\Udaykumar\eclipse-workspace\OpenCartV1.0\master.xml

19:14:30.037 [main] INFO  testCases.TC002_LoginTest - **** Test Started ****
19:14:32.009 [main] INFO  testCases.TC002_LoginTest - *** Test Finished ****
19:15:24.362 [main] DEBUG org.testng.TestNG - suiteXmlPath: "C:\Users\Udaykumar\eclipse-workspace\OpenCartV1.0\groups.xml"
19:15:25.080 [main] INFO  org.testng.internal.Utils - [TestNG] Running:
  C:\Users\Udaykumar\eclipse-workspace\OpenCartV1.0\groups.xml

19:15:35.326 [main] INFO  testCases.TC001_AccountsRegistration - ******  Test Started *****
19:15:35.327 [main] INFO  testCases.TC001_AccountsRegistration - ****** Home page Started *****
19:15:35.380 [main] INFO  testCases.TC001_AccountsRegistration - ****** Click On My account *****
19:15:35.519 [main] INFO  testCases.TC001_AccountsRegistration - ****** Click on register *****
19:15:38.925 [main] INFO  testCases.TC001_AccountsRegistration - ****** Registration page Started *****
19:15:38.937 [main] INFO  testCases.TC001_AccountsRegistration - ******Customer Details *****
19:15:41.077 [main] INFO  testCases.TC001_AccountsRegistration - ****** Validating Message *****
19:15:41.164 [main] INFO  testCases.TC001_AccountsRegistration - ****** test executed *****
12:32:21.039 [main] DEBUG org.testng.TestNG - suiteXmlPath: "C:\Users\Udaykumar\eclipse-workspace\OpenCartV1.0\groups.xml"
12:32:21.852 [main] INFO  org.testng.internal.Utils - [TestNG] Running:
  C:\Users\Udaykumar\eclipse-workspace\OpenCartV1.0\groups.xml

12:32:45.292 [main] INFO  testCases.TC001_AccountsRegistration - ******  Test Started *****
12:32:45.293 [main] INFO  testCases.TC001_AccountsRegistration - ****** Home page Started *****
12:32:45.343 [main] INFO  testCases.TC001_AccountsRegistration - ****** Click On My account *****
12:32:45.504 [main] INFO  testCases.TC001_AccountsRegistration - ****** Click on register *****
12:32:46.488 [main] INFO  testCases.TC001_AccountsRegistration - ****** Registration page Started *****
12:32:46.508 [main] INFO  testCases.TC001_AccountsRegistration - ******Customer Details *****
12:32:48.755 [main] INFO  testCases.TC001_AccountsRegistration - ****** Validating Message *****
12:32:48.845 [main] INFO  testCases.TC001_AccountsRegistration - ****** test executed *****
12:32:59.180 [main] INFO  testCases.TC002_LoginTest - **** Test Started ****
12:33:03.483 [main] INFO  testCases.TC002_LoginTest - *** Test Finished ****
12:44:04.870 [main] DEBUG org.testng.TestNG - suiteXmlPath: "C:\Users\Udaykumar\eclipse-workspace\OpenCartV1.0\groups.xml"
12:44:05.629 [main] INFO  org.testng.internal.Utils - [TestNG] Running:
  C:\Users\Udaykumar\eclipse-workspace\OpenCartV1.0\groups.xml

12:44:18.803 [main] INFO  testCases.TC001_AccountsRegistration - ******  Test Started *****
12:44:18.804 [main] INFO  testCases.TC001_AccountsRegistration - ****** Home page Started *****
12:44:18.863 [main] INFO  testCases.TC001_AccountsRegistration - ****** Click On My account *****
12:44:19.036 [main] INFO  testCases.TC001_AccountsRegistration - ****** Click on register *****
12:44:20.426 [main] INFO  testCases.TC001_AccountsRegistration - ****** Registration page Started *****
12:44:20.435 [main] INFO  testCases.TC001_AccountsRegistration - ******Customer Details *****
12:44:22.519 [main] INFO  testCases.TC001_AccountsRegistration - ****** Validating Message *****
12:44:22.608 [main] INFO  testCases.TC001_AccountsRegistration - ****** test executed *****
12:44:35.016 [main] INFO  testCases.TC002_LoginTest - **** Test Started ****
12:44:36.815 [main] INFO  testCases.TC002_LoginTest - *** Test Finished ****
12:47:51.527 [main] DEBUG org.testng.TestNG - suiteXmlPath: "C:\Users\Udaykumar\eclipse-workspace\OpenCartV1.0\groups.xml"
12:47:52.291 [main] INFO  org.testng.internal.Utils - [TestNG] Running:
  C:\Users\Udaykumar\eclipse-workspace\OpenCartV1.0\groups.xml

12:48:04.371 [main] INFO  testCases.TC001_AccountsRegistration - ******  Test Started *****
12:48:04.372 [main] INFO  testCases.TC001_AccountsRegistration - ****** Home page Started *****
12:48:04.410 [main] INFO  testCases.TC001_AccountsRegistration - ****** Click On My account *****
12:48:04.541 [main] INFO  testCases.TC001_AccountsRegistration - ****** Click on register *****
12:48:07.402 [main] INFO  testCases.TC001_AccountsRegistration - ****** Registration page Started *****
12:48:07.408 [main] INFO  testCases.TC001_AccountsRegistration - ******Customer Details *****
12:48:09.412 [main] INFO  testCases.TC001_AccountsRegistration - ****** Validating Message *****
12:48:09.494 [main] INFO  testCases.TC001_AccountsRegistration - ****** test executed *****
12:48:19.865 [main] INFO  testCases.TC002_LoginTest - **** Test Started ****
12:53:49.281 [main] DEBUG org.testng.TestNG - suiteXmlPath: "C:\Users\Udaykumar\eclipse-workspace\OpenCartV1.0\groups.xml"
12:53:50.014 [main] INFO  org.testng.internal.Utils - [TestNG] Running:
  C:\Users\Udaykumar\eclipse-workspace\OpenCartV1.0\groups.xml

12:54:02.428 [main] INFO  testCases.TC001_AccountsRegistration - ******  Test Started *****
12:54:02.429 [main] INFO  testCases.TC001_AccountsRegistration - ****** Home page Started *****
12:54:02.468 [main] INFO  testCases.TC001_AccountsRegistration - ****** Click On My account *****
12:54:02.595 [main] INFO  testCases.TC001_AccountsRegistration - ****** Click on register *****
12:54:04.721 [main] INFO  testCases.TC001_AccountsRegistration - ****** Registration page Started *****
12:54:04.729 [main] INFO  testCases.TC001_AccountsRegistration - ******Customer Details *****
12:54:06.942 [main] INFO  testCases.TC001_AccountsRegistration - ****** Validating Message *****
12:54:07.042 [main] INFO  testCases.TC001_AccountsRegistration - ****** test executed *****
12:54:19.532 [main] INFO  testCases.TC002_LoginTest - **** Test Started ****
13:01:19.294 [main] DEBUG org.testng.TestNG - suiteXmlPath: "C:\Users\Udaykumar\eclipse-workspace\OpenCartV1.0\groups.xml"
13:01:20.184 [main] INFO  org.testng.internal.Utils - [TestNG] Running:
  C:\Users\Udaykumar\eclipse-workspace\OpenCartV1.0\groups.xml

13:01:35.487 [main] INFO  testCases.TC001_AccountsRegistration - ******  Test Started *****
13:01:35.488 [main] INFO  testCases.TC001_AccountsRegistration - ****** Home page Started *****
13:01:35.532 [main] INFO  testCases.TC001_AccountsRegistration - ****** Click On My account *****
13:01:35.775 [main] INFO  testCases.TC001_AccountsRegistration - ****** Click on register *****
13:01:37.119 [main] INFO  testCases.TC001_AccountsRegistration - ****** Registration page Started *****
13:01:37.130 [main] INFO  testCases.TC001_AccountsRegistration - ******Customer Details *****
13:01:40.375 [main] INFO  testCases.TC001_AccountsRegistration - ****** Validating Message *****
13:01:40.504 [main] INFO  testCases.TC001_AccountsRegistration - ****** test executed *****
13:01:53.952 [main] INFO  testCases.TC002_LoginTest - **** Test Started ****
13:24:56.650 [main] DEBUG org.testng.TestNG - suiteXmlPath: "C:\Users\Udaykumar\eclipse-workspace\OpenCartV1.0\test-output\testng-failed.xml"
13:24:57.395 [main] INFO  org.testng.internal.Utils - [TestNG] Running:
  C:\Users\Udaykumar\eclipse-workspace\OpenCartV1.0\test-output\testng-failed.xml

13:25:11.164 [main] INFO  testCases.TC002_LoginTest - **** Test Started ****
13:25:57.463 [main] DEBUG org.testng.TestNG - suiteXmlPath: "C:\Users\Udaykumar\eclipse-workspace\OpenCartV1.0\test-output\testng-failed.xml"
13:25:58.176 [main] INFO  org.testng.internal.Utils - [TestNG] Running:
  C:\Users\Udaykumar\eclipse-workspace\OpenCartV1.0\test-output\testng-failed.xml

13:26:12.092 [main] INFO  testCases.TC002_LoginTest - **** Test Started ****
13:26:13.936 [main] INFO  testCases.TC002_LoginTest - *** Test Finished ****
13:26:56.935 [main] DEBUG org.testng.TestNG - suiteXmlPath: "C:\Users\Udaykumar\eclipse-workspace\OpenCartV1.0\master.xml"
13:26:57.688 [main] INFO  org.testng.internal.Utils - [TestNG] Running:
  C:\Users\Udaykumar\eclipse-workspace\OpenCartV1.0\master.xml

13:27:12.825 [main] DEBUG org.apache.poi.openxml4j.opc.PackageRelationshipCollection - Parsing relationship: /xl/_rels/workbook.xml.rels
13:27:12.834 [main] DEBUG org.apache.poi.openxml4j.opc.PackageRelationshipCollection - Parsing relationship: /xl/worksheets/_rels/sheet1.xml.rels
13:27:12.841 [main] DEBUG org.apache.poi.openxml4j.opc.PackageRelationshipCollection - Parsing relationship: /_rels/.rels
13:27:13.973 [main] DEBUG org.apache.poi.ooxml.POIXMLFactory - using default POIXMLDocumentPart for http://schemas.openxmlformats.org/officeDocument/2006/relationships/printerSettings
13:27:14.247 [main] DEBUG org.apache.poi.openxml4j.opc.PackageRelationshipCollection - Parsing relationship: /xl/_rels/workbook.xml.rels
13:27:14.251 [main] DEBUG org.apache.poi.openxml4j.opc.PackageRelationshipCollection - Parsing relationship: /xl/worksheets/_rels/sheet1.xml.rels
13:27:14.256 [main] DEBUG org.apache.poi.openxml4j.opc.PackageRelationshipCollection - Parsing relationship: /_rels/.rels
13:27:14.304 [main] DEBUG org.apache.poi.ooxml.POIXMLFactory - using default POIXMLDocumentPart for http://schemas.openxmlformats.org/officeDocument/2006/relationships/printerSettings
13:27:14.350 [main] DEBUG org.apache.poi.openxml4j.opc.PackageRelationshipCollection - Parsing relationship: /xl/_rels/workbook.xml.rels
13:27:14.353 [main] DEBUG org.apache.poi.openxml4j.opc.PackageRelationshipCollection - Parsing relationship: /xl/worksheets/_rels/sheet1.xml.rels
13:27:14.358 [main] DEBUG org.apache.poi.openxml4j.opc.PackageRelationshipCollection - Parsing relationship: /_rels/.rels
13:27:14.390 [main] DEBUG org.apache.poi.ooxml.POIXMLFactory - using default POIXMLDocumentPart for http://schemas.openxmlformats.org/officeDocument/2006/relationships/printerSettings
13:27:14.448 [main] DEBUG org.apache.poi.openxml4j.opc.PackageRelationshipCollection - Parsing relationship: /xl/_rels/workbook.xml.rels
13:27:14.451 [main] DEBUG org.apache.poi.openxml4j.opc.PackageRelationshipCollection - Parsing relationship: /xl/worksheets/_rels/sheet1.xml.rels
13:27:14.454 [main] DEBUG org.apache.poi.openxml4j.opc.PackageRelationshipCollection - Parsing relationship: /_rels/.rels
13:27:14.490 [main] DEBUG org.apache.poi.ooxml.POIXMLFactory - using default POIXMLDocumentPart for http://schemas.openxmlformats.org/officeDocument/2006/relationships/printerSettings
13:27:14.530 [main] DEBUG org.apache.poi.openxml4j.opc.PackageRelationshipCollection - Parsing relationship: /xl/_rels/workbook.xml.rels
13:27:14.532 [main] DEBUG org.apache.poi.openxml4j.opc.PackageRelationshipCollection - Parsing relationship: /xl/worksheets/_rels/sheet1.xml.rels
13:27:14.536 [main] DEBUG org.apache.poi.openxml4j.opc.PackageRelationshipCollection - Parsing relationship: /_rels/.rels
13:27:14.566 [main] DEBUG org.apache.poi.ooxml.POIXMLFactory - using default POIXMLDocumentPart for http://schemas.openxmlformats.org/officeDocument/2006/relationships/printerSettings
13:27:14.608 [main] DEBUG org.apache.poi.openxml4j.opc.PackageRelationshipCollection - Parsing relationship: /xl/_rels/workbook.xml.rels
13:27:14.611 [main] DEBUG org.apache.poi.openxml4j.opc.PackageRelationshipCollection - Parsing relationship: /xl/worksheets/_rels/sheet1.xml.rels
13:27:14.614 [main] DEBUG org.apache.poi.openxml4j.opc.PackageRelationshipCollection - Parsing relationship: /_rels/.rels
13:27:14.640 [main] DEBUG org.apache.poi.ooxml.POIXMLFactory - using default POIXMLDocumentPart for http://schemas.openxmlformats.org/officeDocument/2006/relationships/printerSettings
13:27:14.675 [main] DEBUG org.apache.poi.openxml4j.opc.PackageRelationshipCollection - Parsing relationship: /xl/_rels/workbook.xml.rels
13:27:14.678 [main] DEBUG org.apache.poi.openxml4j.opc.PackageRelationshipCollection - Parsing relationship: /xl/worksheets/_rels/sheet1.xml.rels
13:27:14.681 [main] DEBUG org.apache.poi.openxml4j.opc.PackageRelationshipCollection - Parsing relationship: /_rels/.rels
13:27:14.710 [main] DEBUG org.apache.poi.ooxml.POIXMLFactory - using default POIXMLDocumentPart for http://schemas.openxmlformats.org/officeDocument/2006/relationships/printerSettings
13:27:14.744 [main] DEBUG org.apache.poi.openxml4j.opc.PackageRelationshipCollection - Parsing relationship: /xl/_rels/workbook.xml.rels
13:27:14.748 [main] DEBUG org.apache.poi.openxml4j.opc.PackageRelationshipCollection - Parsing relationship: /xl/worksheets/_rels/sheet1.xml.rels
13:27:14.751 [main] DEBUG org.apache.poi.openxml4j.opc.PackageRelationshipCollection - Parsing relationship: /_rels/.rels
13:27:14.776 [main] DEBUG org.apache.poi.ooxml.POIXMLFactory - using default POIXMLDocumentPart for http://schemas.openxmlformats.org/officeDocument/2006/relationships/printerSettings
13:27:14.811 [main] DEBUG org.apache.poi.openxml4j.opc.PackageRelationshipCollection - Parsing relationship: /xl/_rels/workbook.xml.rels
13:27:14.814 [main] DEBUG org.apache.poi.openxml4j.opc.PackageRelationshipCollection - Parsing relationship: /xl/worksheets/_rels/sheet1.xml.rels
13:27:14.817 [main] DEBUG org.apache.poi.openxml4j.opc.PackageRelationshipCollection - Parsing relationship: /_rels/.rels
13:27:14.845 [main] DEBUG org.apache.poi.ooxml.POIXMLFactory - using default POIXMLDocumentPart for http://schemas.openxmlformats.org/officeDocument/2006/relationships/printerSettings
13:27:14.884 [main] DEBUG org.apache.poi.openxml4j.opc.PackageRelationshipCollection - Parsing relationship: /xl/_rels/workbook.xml.rels
13:27:14.887 [main] DEBUG org.apache.poi.openxml4j.opc.PackageRelationshipCollection - Parsing relationship: /xl/worksheets/_rels/sheet1.xml.rels
13:27:14.890 [main] DEBUG org.apache.poi.openxml4j.opc.PackageRelationshipCollection - Parsing relationship: /_rels/.rels
13:27:14.921 [main] DEBUG org.apache.poi.ooxml.POIXMLFactory - using default POIXMLDocumentPart for http://schemas.openxmlformats.org/officeDocument/2006/relationships/printerSettings
13:27:14.992 [main] DEBUG org.apache.poi.openxml4j.opc.PackageRelationshipCollection - Parsing relationship: /xl/_rels/workbook.xml.rels
13:27:14.996 [main] DEBUG org.apache.poi.openxml4j.opc.PackageRelationshipCollection - Parsing relationship: /xl/worksheets/_rels/sheet1.xml.rels
13:27:15.014 [main] DEBUG org.apache.poi.openxml4j.opc.PackageRelationshipCollection - Parsing relationship: /_rels/.rels
13:27:15.061 [main] DEBUG org.apache.poi.ooxml.POIXMLFactory - using default POIXMLDocumentPart for http://schemas.openxmlformats.org/officeDocument/2006/relationships/printerSettings
13:27:15.110 [main] DEBUG org.apache.poi.openxml4j.opc.PackageRelationshipCollection - Parsing relationship: /xl/_rels/workbook.xml.rels
13:27:15.112 [main] DEBUG org.apache.poi.openxml4j.opc.PackageRelationshipCollection - Parsing relationship: /xl/worksheets/_rels/sheet1.xml.rels
13:27:15.115 [main] DEBUG org.apache.poi.openxml4j.opc.PackageRelationshipCollection - Parsing relationship: /_rels/.rels
13:27:15.163 [main] DEBUG org.apache.poi.ooxml.POIXMLFactory - using default POIXMLDocumentPart for http://schemas.openxmlformats.org/officeDocument/2006/relationships/printerSettings
13:27:15.232 [main] DEBUG org.apache.poi.openxml4j.opc.PackageRelationshipCollection - Parsing relationship: /xl/_rels/workbook.xml.rels
13:27:15.261 [main] DEBUG org.apache.poi.openxml4j.opc.PackageRelationshipCollection - Parsing relationship: /xl/worksheets/_rels/sheet1.xml.rels
13:27:15.264 [main] DEBUG org.apache.poi.openxml4j.opc.PackageRelationshipCollection - Parsing relationship: /_rels/.rels
13:27:15.295 [main] DEBUG org.apache.poi.ooxml.POIXMLFactory - using default POIXMLDocumentPart for http://schemas.openxmlformats.org/officeDocument/2006/relationships/printerSettings
13:27:15.348 [main] DEBUG org.apache.poi.openxml4j.opc.PackageRelationshipCollection - Parsing relationship: /xl/_rels/workbook.xml.rels
13:27:15.358 [main] DEBUG org.apache.poi.openxml4j.opc.PackageRelationshipCollection - Parsing relationship: /xl/worksheets/_rels/sheet1.xml.rels
13:27:15.362 [main] DEBUG org.apache.poi.openxml4j.opc.PackageRelationshipCollection - Parsing relationship: /_rels/.rels
13:27:15.392 [main] DEBUG org.apache.poi.ooxml.POIXMLFactory - using default POIXMLDocumentPart for http://schemas.openxmlformats.org/officeDocument/2006/relationships/printerSettings
13:27:15.446 [main] DEBUG org.apache.poi.openxml4j.opc.PackageRelationshipCollection - Parsing relationship: /xl/_rels/workbook.xml.rels
13:27:15.448 [main] DEBUG org.apache.poi.openxml4j.opc.PackageRelationshipCollection - Parsing relationship: /xl/worksheets/_rels/sheet1.xml.rels
13:27:15.451 [main] DEBUG org.apache.poi.openxml4j.opc.PackageRelationshipCollection - Parsing relationship: /_rels/.rels
13:27:15.476 [main] DEBUG org.apache.poi.ooxml.POIXMLFactory - using default POIXMLDocumentPart for http://schemas.openxmlformats.org/officeDocument/2006/relationships/printerSettings
13:27:15.529 [main] DEBUG org.apache.poi.openxml4j.opc.PackageRelationshipCollection - Parsing relationship: /xl/_rels/workbook.xml.rels
13:27:15.531 [main] DEBUG org.apache.poi.openxml4j.opc.PackageRelationshipCollection - Parsing relationship: /xl/worksheets/_rels/sheet1.xml.rels
13:27:15.533 [main] DEBUG org.apache.poi.openxml4j.opc.PackageRelationshipCollection - Parsing relationship: /_rels/.rels
13:27:15.556 [main] DEBUG org.apache.poi.ooxml.POIXMLFactory - using default POIXMLDocumentPart for http://schemas.openxmlformats.org/officeDocument/2006/relationships/printerSettings
13:27:15.617 [main] DEBUG org.apache.poi.openxml4j.opc.PackageRelationshipCollection - Parsing relationship: /xl/_rels/workbook.xml.rels
13:27:15.620 [main] DEBUG org.apache.poi.openxml4j.opc.PackageRelationshipCollection - Parsing relationship: /xl/worksheets/_rels/sheet1.xml.rels
13:27:15.626 [main] DEBUG org.apache.poi.openxml4j.opc.PackageRelationshipCollection - Parsing relationship: /_rels/.rels
13:27:15.658 [main] DEBUG org.apache.poi.ooxml.POIXMLFactory - using default POIXMLDocumentPart for http://schemas.openxmlformats.org/officeDocument/2006/relationships/printerSettings
13:27:15.782 [main] DEBUG org.apache.poi.openxml4j.opc.PackageRelationshipCollection - Parsing relationship: /xl/_rels/workbook.xml.rels
13:27:15.784 [main] DEBUG org.apache.poi.openxml4j.opc.PackageRelationshipCollection - Parsing relationship: /xl/worksheets/_rels/sheet1.xml.rels
13:27:15.787 [main] DEBUG org.apache.poi.openxml4j.opc.PackageRelationshipCollection - Parsing relationship: /_rels/.rels
13:27:15.808 [main] DEBUG org.apache.poi.ooxml.POIXMLFactory - using default POIXMLDocumentPart for http://schemas.openxmlformats.org/officeDocument/2006/relationships/printerSettings
13:27:15.835 [main] DEBUG org.apache.poi.openxml4j.opc.PackageRelationshipCollection - Parsing relationship: /xl/_rels/workbook.xml.rels
13:27:15.838 [main] DEBUG org.apache.poi.openxml4j.opc.PackageRelationshipCollection - Parsing relationship: /xl/worksheets/_rels/sheet1.xml.rels
13:27:15.841 [main] DEBUG org.apache.poi.openxml4j.opc.PackageRelationshipCollection - Parsing relationship: /_rels/.rels
13:27:15.866 [main] DEBUG org.apache.poi.ooxml.POIXMLFactory - using default POIXMLDocumentPart for http://schemas.openxmlformats.org/officeDocument/2006/relationships/printerSettings
13:27:16.020 [main] DEBUG org.apache.poi.openxml4j.opc.PackageRelationshipCollection - Parsing relationship: /xl/_rels/workbook.xml.rels
13:27:16.022 [main] DEBUG org.apache.poi.openxml4j.opc.PackageRelationshipCollection - Parsing relationship: /xl/worksheets/_rels/sheet1.xml.rels
13:27:16.025 [main] DEBUG org.apache.poi.openxml4j.opc.PackageRelationshipCollection - Parsing relationship: /_rels/.rels
13:27:16.049 [main] DEBUG org.apache.poi.ooxml.POIXMLFactory - using default POIXMLDocumentPart for http://schemas.openxmlformats.org/officeDocument/2006/relationships/printerSettings
13:27:16.088 [main] DEBUG org.apache.poi.openxml4j.opc.PackageRelationshipCollection - Parsing relationship: /xl/_rels/workbook.xml.rels
13:27:16.093 [main] DEBUG org.apache.poi.openxml4j.opc.PackageRelationshipCollection - Parsing relationship: /xl/worksheets/_rels/sheet1.xml.rels
13:27:16.095 [main] DEBUG org.apache.poi.openxml4j.opc.PackageRelationshipCollection - Parsing relationship: /_rels/.rels
13:27:16.120 [main] DEBUG org.apache.poi.ooxml.POIXMLFactory - using default POIXMLDocumentPart for http://schemas.openxmlformats.org/officeDocument/2006/relationships/printerSettings
13:27:16.168 [main] DEBUG org.apache.poi.openxml4j.opc.PackageRelationshipCollection - Parsing relationship: /xl/_rels/workbook.xml.rels
13:27:16.172 [main] DEBUG org.apache.poi.openxml4j.opc.PackageRelationshipCollection - Parsing relationship: /xl/worksheets/_rels/sheet1.xml.rels
13:27:16.174 [main] DEBUG org.apache.poi.openxml4j.opc.PackageRelationshipCollection - Parsing relationship: /_rels/.rels
13:27:16.203 [main] DEBUG org.apache.poi.ooxml.POIXMLFactory - using default POIXMLDocumentPart for http://schemas.openxmlformats.org/officeDocument/2006/relationships/printerSettings
13:27:16.247 [main] DEBUG org.apache.poi.openxml4j.opc.PackageRelationshipCollection - Parsing relationship: /xl/_rels/workbook.xml.rels
13:27:16.249 [main] DEBUG org.apache.poi.openxml4j.opc.PackageRelationshipCollection - Parsing relationship: /xl/worksheets/_rels/sheet1.xml.rels
13:27:16.252 [main] DEBUG org.apache.poi.openxml4j.opc.PackageRelationshipCollection - Parsing relationship: /_rels/.rels
13:27:16.276 [main] DEBUG org.apache.poi.ooxml.POIXMLFactory - using default POIXMLDocumentPart for http://schemas.openxmlformats.org/officeDocument/2006/relationships/printerSettings
13:27:16.304 [main] DEBUG org.apache.poi.openxml4j.opc.PackageRelationshipCollection - Parsing relationship: /xl/_rels/workbook.xml.rels
13:27:16.306 [main] DEBUG org.apache.poi.openxml4j.opc.PackageRelationshipCollection - Parsing relationship: /xl/worksheets/_rels/sheet1.xml.rels
13:27:16.309 [main] DEBUG org.apache.poi.openxml4j.opc.PackageRelationshipCollection - Parsing relationship: /_rels/.rels
13:27:16.331 [main] DEBUG org.apache.poi.ooxml.POIXMLFactory - using default POIXMLDocumentPart for http://schemas.openxmlformats.org/officeDocument/2006/relationships/printerSettings
13:27:16.360 [main] DEBUG org.apache.poi.openxml4j.opc.PackageRelationshipCollection - Parsing relationship: /xl/_rels/workbook.xml.rels
13:27:16.362 [main] DEBUG org.apache.poi.openxml4j.opc.PackageRelationshipCollection - Parsing relationship: /xl/worksheets/_rels/sheet1.xml.rels
13:27:16.365 [main] DEBUG org.apache.poi.openxml4j.opc.PackageRelationshipCollection - Parsing relationship: /_rels/.rels
13:27:16.384 [main] DEBUG org.apache.poi.ooxml.POIXMLFactory - using default POIXMLDocumentPart for http://schemas.openxmlformats.org/officeDocument/2006/relationships/printerSettings
13:27:16.410 [main] DEBUG org.apache.poi.openxml4j.opc.PackageRelationshipCollection - Parsing relationship: /xl/_rels/workbook.xml.rels
13:27:16.412 [main] DEBUG org.apache.poi.openxml4j.opc.PackageRelationshipCollection - Parsing relationship: /xl/worksheets/_rels/sheet1.xml.rels
13:27:16.414 [main] DEBUG org.apache.poi.openxml4j.opc.PackageRelationshipCollection - Parsing relationship: /_rels/.rels
13:27:16.436 [main] DEBUG org.apache.poi.ooxml.POIXMLFactory - using default POIXMLDocumentPart for http://schemas.openxmlformats.org/officeDocument/2006/relationships/printerSettings
13:27:16.460 [main] DEBUG org.apache.poi.openxml4j.opc.PackageRelationshipCollection - Parsing relationship: /xl/_rels/workbook.xml.rels
13:27:16.462 [main] DEBUG org.apache.poi.openxml4j.opc.PackageRelationshipCollection - Parsing relationship: /xl/worksheets/_rels/sheet1.xml.rels
13:27:16.465 [main] DEBUG org.apache.poi.openxml4j.opc.PackageRelationshipCollection - Parsing relationship: /_rels/.rels
13:27:16.484 [main] DEBUG org.apache.poi.ooxml.POIXMLFactory - using default POIXMLDocumentPart for http://schemas.openxmlformats.org/officeDocument/2006/relationships/printerSettings
13:27:16.513 [main] DEBUG org.apache.poi.openxml4j.opc.PackageRelationshipCollection - Parsing relationship: /xl/_rels/workbook.xml.rels
13:27:16.515 [main] DEBUG org.apache.poi.openxml4j.opc.PackageRelationshipCollection - Parsing relationship: /xl/worksheets/_rels/sheet1.xml.rels
13:27:16.517 [main] DEBUG org.apache.poi.openxml4j.opc.PackageRelationshipCollection - Parsing relationship: /_rels/.rels
13:27:16.537 [main] DEBUG org.apache.poi.ooxml.POIXMLFactory - using default POIXMLDocumentPart for http://schemas.openxmlformats.org/officeDocument/2006/relationships/printerSettings
13:27:16.562 [main] DEBUG org.apache.poi.openxml4j.opc.PackageRelationshipCollection - Parsing relationship: /xl/_rels/workbook.xml.rels
13:27:16.564 [main] DEBUG org.apache.poi.openxml4j.opc.PackageRelationshipCollection - Parsing relationship: /xl/worksheets/_rels/sheet1.xml.rels
13:27:16.566 [main] DEBUG org.apache.poi.openxml4j.opc.PackageRelationshipCollection - Parsing relationship: /_rels/.rels
13:27:16.584 [main] DEBUG org.apache.poi.ooxml.POIXMLFactory - using default POIXMLDocumentPart for http://schemas.openxmlformats.org/officeDocument/2006/relationships/printerSettings
13:27:16.656 [main] INFO  testCases.TC003_LoginDDTest - **** TC003_Started ****
13:27:19.253 [main] INFO  testCases.TC003_LoginDDTest - **** TC003_Finished ****
13:27:19.309 [main] INFO  testCases.TC003_LoginDDTest - **** TC003_Started ****
13:27:21.798 [main] INFO  testCases.TC003_LoginDDTest - **** TC003_Finished ****
13:27:21.831 [main] INFO  testCases.TC003_LoginDDTest - **** TC003_Started ****
13:27:24.277 [main] INFO  testCases.TC003_LoginDDTest - **** TC003_Finished ****
13:27:24.298 [main] INFO  testCases.TC003_LoginDDTest - **** TC003_Started ****
13:27:36.139 [main] INFO  testCases.TC003_LoginDDTest - **** TC003_Finished ****
13:27:36.150 [main] INFO  testCases.TC003_LoginDDTest - **** TC003_Started ****
13:27:38.886 [main] INFO  testCases.TC003_LoginDDTest - **** TC003_Finished ****
13:27:38.904 [main] INFO  testCases.TC003_LoginDDTest - **** TC003_Started ****
13:27:41.536 [main] INFO  testCases.TC003_LoginDDTest - **** TC003_Finished ****
13:27:41.544 [main] INFO  testCases.TC003_LoginDDTest - **** TC003_Started ****
13:27:44.073 [main] INFO  testCases.TC003_LoginDDTest - **** TC003_Started ****
13:27:55.587 [main] INFO  testCases.TC003_LoginDDTest - **** TC003_Finished ****
13:27:55.599 [main] INFO  testCases.TC003_LoginDDTest - **** TC003_Started ****
13:28:06.814 [main] INFO  testCases.TC003_LoginDDTest - **** TC003_Finished ****
13:28:38.863 [main] DEBUG org.testng.TestNG - suiteXmlPath: "C:\Users\Udaykumar\eclipse-workspace\OpenCartV1.0\groups.xml"
13:28:39.809 [main] INFO  org.testng.internal.Utils - [TestNG] Running:
  C:\Users\Udaykumar\eclipse-workspace\OpenCartV1.0\groups.xml

13:28:54.799 [main] INFO  testCases.TC001_AccountsRegistration - ******  Test Started *****
13:28:54.799 [main] INFO  testCases.TC001_AccountsRegistration - ****** Home page Started *****
13:28:54.842 [main] INFO  testCases.TC001_AccountsRegistration - ****** Click On My account *****
13:28:54.970 [main] INFO  testCases.TC001_AccountsRegistration - ****** Click on register *****
13:28:56.271 [main] INFO  testCases.TC001_AccountsRegistration - ****** Registration page Started *****
13:28:56.276 [main] INFO  testCases.TC001_AccountsRegistration - ******Customer Details *****
13:28:58.359 [main] INFO  testCases.TC001_AccountsRegistration - ****** Validating Message *****
13:28:58.444 [main] ERROR testCases.TC001_AccountsRegistration - **** Test Failed *****
13:28:58.444 [main] DEBUG testCases.TC001_AccountsRegistration - **** Debug logs ****
13:29:11.799 [main] INFO  testCases.TC002_LoginTest - **** Test Started ****
13:30:35.971 [main] DEBUG org.testng.TestNG - suiteXmlPath: "C:\Users\Udaykumar\eclipse-workspace\OpenCartV1.0\groups.xml"
13:30:36.745 [main] INFO  org.testng.internal.Utils - [TestNG] Running:
  C:\Users\Udaykumar\eclipse-workspace\OpenCartV1.0\groups.xml

13:30:48.954 [main] INFO  testCases.TC001_AccountsRegistration - ******  Test Started *****
13:30:48.954 [main] INFO  testCases.TC001_AccountsRegistration - ****** Home page Started *****
13:30:48.994 [main] INFO  testCases.TC001_AccountsRegistration - ****** Click On My account *****
13:30:49.128 [main] INFO  testCases.TC001_AccountsRegistration - ****** Click on register *****
13:30:51.471 [main] INFO  testCases.TC001_AccountsRegistration - ****** Registration page Started *****
13:30:51.477 [main] INFO  testCases.TC001_AccountsRegistration - ******Customer Details *****
13:30:53.464 [main] INFO  testCases.TC001_AccountsRegistration - ****** Validating Message *****
13:30:53.547 [main] ERROR testCases.TC001_AccountsRegistration - **** Test Failed *****
13:30:53.548 [main] DEBUG testCases.TC001_AccountsRegistration - **** Debug logs ****
13:31:07.763 [main] INFO  testCases.TC002_LoginTest - **** Test Started ****
13:40:44.898 [main] DEBUG org.testng.TestNG - suiteXmlPath: "C:\Users\Udaykumar\eclipse-workspace\OpenCartV1.0\groups.xml"
13:40:45.651 [main] INFO  org.testng.internal.Utils - [TestNG] Running:
  C:\Users\Udaykumar\eclipse-workspace\OpenCartV1.0\groups.xml

13:41:04.915 [main] INFO  testCases.TC001_AccountsRegistration - ******  Test Started *****
13:41:04.915 [main] INFO  testCases.TC001_AccountsRegistration - ****** Home page Started *****
13:41:04.957 [main] INFO  testCases.TC001_AccountsRegistration - ****** Click On My account *****
13:41:05.080 [main] INFO  testCases.TC001_AccountsRegistration - ****** Click on register *****
13:41:06.513 [main] INFO  testCases.TC001_AccountsRegistration - ****** Registration page Started *****
13:41:06.518 [main] INFO  testCases.TC001_AccountsRegistration - ******Customer Details *****
13:41:08.748 [main] INFO  testCases.TC001_AccountsRegistration - ****** Validating Message *****
13:41:08.838 [main] INFO  testCases.TC001_AccountsRegistration - *** Test Passed *****
13:41:08.839 [main] INFO  testCases.TC001_AccountsRegistration - *** TC001 Test finished *****
13:41:19.936 [main] INFO  testCases.TC002_LoginTest - **** Test Started ****
13:41:57.577 [main] DEBUG org.testng.TestNG - suiteXmlPath: "C:\Users\Udaykumar\eclipse-workspace\OpenCartV1.0\groups.xml"
13:41:58.352 [main] INFO  org.testng.internal.Utils - [TestNG] Running:
  C:\Users\Udaykumar\eclipse-workspace\OpenCartV1.0\groups.xml

13:42:10.180 [main] INFO  testCases.TC001_AccountsRegistration - ******  Test Started *****
13:42:10.180 [main] INFO  testCases.TC001_AccountsRegistration - ****** Home page Started *****
13:42:10.234 [main] INFO  testCases.TC001_AccountsRegistration - ****** Click On My account *****
13:42:10.377 [main] INFO  testCases.TC001_AccountsRegistration - ****** Click on register *****
13:42:13.697 [main] INFO  testCases.TC001_AccountsRegistration - ****** Registration page Started *****
13:42:13.705 [main] INFO  testCases.TC001_AccountsRegistration - ******Customer Details *****
13:42:15.838 [main] INFO  testCases.TC001_AccountsRegistration - ****** Validating Message *****
13:42:15.942 [main] INFO  testCases.TC001_AccountsRegistration - *** TC001 Test finished *****
13:42:27.314 [main] INFO  testCases.TC002_LoginTest - **** Test Started ****
13:43:36.390 [main] DEBUG org.testng.TestNG - suiteXmlPath: "C:\Users\Udaykumar\eclipse-workspace\OpenCartV1.0\groups.xml"
13:43:37.470 [main] INFO  org.testng.internal.Utils - [TestNG] Running:
  C:\Users\Udaykumar\eclipse-workspace\OpenCartV1.0\groups.xml

13:43:51.582 [main] INFO  testCases.TC001_AccountsRegistration - ******  Test Started *****
13:43:51.582 [main] INFO  testCases.TC001_AccountsRegistration - ****** Home page Started *****
13:43:51.641 [main] INFO  testCases.TC001_AccountsRegistration - ****** Click On My account *****
13:43:51.797 [main] INFO  testCases.TC001_AccountsRegistration - ****** Click on register *****
13:43:53.386 [main] INFO  testCases.TC001_AccountsRegistration - ****** Registration page Started *****
13:43:53.402 [main] INFO  testCases.TC001_AccountsRegistration - ******Customer Details *****
13:43:56.526 [main] INFO  testCases.TC001_AccountsRegistration - ****** Validating Message *****
13:43:56.630 [main] INFO  testCases.TC001_AccountsRegistration - *** Test Passed *****
13:43:56.631 [main] INFO  testCases.TC001_AccountsRegistration - *** TC001 Test finished *****
13:44:11.414 [main] INFO  testCases.TC002_LoginTest - **** Test Started ****
13:44:13.342 [main] INFO  testCases.TC002_LoginTest - *** Test Finished ****
13:45:05.227 [main] DEBUG org.testng.TestNG - suiteXmlPath: "C:\Users\Udaykumar\eclipse-workspace\OpenCartV1.0\groups.xml"
13:45:06.102 [main] INFO  org.testng.internal.Utils - [TestNG] Running:
  C:\Users\Udaykumar\eclipse-workspace\OpenCartV1.0\groups.xml

13:45:19.134 [main] INFO  testCases.TC001_AccountsRegistration - ******  Test Started *****
13:45:19.135 [main] INFO  testCases.TC001_AccountsRegistration - ****** Home page Started *****
13:45:19.174 [main] INFO  testCases.TC001_AccountsRegistration - ****** Click On My account *****
13:45:19.318 [main] INFO  testCases.TC001_AccountsRegistration - ****** Click on register *****
13:45:22.656 [main] INFO  testCases.TC001_AccountsRegistration - ****** Registration page Started *****
13:45:22.661 [main] INFO  testCases.TC001_AccountsRegistration - ******Customer Details *****
13:45:24.920 [main] INFO  testCases.TC001_AccountsRegistration - ****** Validating Message *****
13:45:25.040 [main] INFO  testCases.TC001_AccountsRegistration - *** TC001 Test finished *****
13:45:38.321 [main] INFO  testCases.TC002_LoginTest - **** Test Started ****
13:45:40.928 [main] INFO  testCases.TC002_LoginTest - *** Test Finished ****
10:16:58.694 [main] DEBUG org.testng.TestNG - suiteXmlPath: "C:\Users\Udaykumar\eclipse-workspace\OpenCartV1.0\master.xml"
10:16:59.973 [main] INFO  org.testng.internal.Utils - [TestNG] Running:
  C:\Users\Udaykumar\eclipse-workspace\OpenCartV1.0\master.xml

10:17:28.956 [main] INFO  testCases.TC001_AccountsRegistration - ******  Test Started *****
10:17:28.957 [main] INFO  testCases.TC001_AccountsRegistration - ****** Home page Started *****
