11:50:43.500 [main] DEBUG org.testng.TestNG - suiteXmlPath: "C:\Users\Udaykumar\eclipse-workspace\OpenCartV1.0\master.xml"
11:50:44.281 [main] INFO  org.testng.internal.Utils - [TestNG] Running:
  C:\Users\Udaykumar\eclipse-workspace\OpenCartV1.0\master.xml

11:51:00.595 [main] INFO  testCases.TC001_AccountsRegistration - ******  Test Started *****
11:51:00.595 [main] INFO  testCases.TC001_AccountsRegistration - ****** Home page Started *****
11:51:00.651 [main] INFO  testCases.TC001_AccountsRegistration - ****** Click On My account *****
11:51:00.843 [main] INFO  testCases.TC001_AccountsRegistration - ****** Click on register *****
11:51:01.696 [main] INFO  testCases.TC001_AccountsRegistration - ****** Registration page Started *****
11:51:01.703 [main] INFO  testCases.TC001_AccountsRegistration - ******Customer Details *****
11:51:04.221 [main] INFO  testCases.TC001_AccountsRegistration - ****** Validating Message *****
11:51:04.324 [main] INFO  testCases.TC001_AccountsRegistration - *** Test Passed *****
11:51:04.324 [main] INFO  testCases.TC001_AccountsRegistration - *** TC001 Test finished *****
11:51:20.127 [main] INFO  testCases.TC002_LoginTest - **** Test Started ****
11:51:22.585 [main] INFO  testCases.TC002_LoginTest - *** Test Finished ****
17:49:26.574 [main] DEBUG org.testng.TestNG - suiteXmlPath: "C:\Users\Udaykumar\eclipse-workspace\OpenCartV1.0\master.xml"
17:49:45.306 [main] INFO  testCases.TC001_AccountsRegistration - ******  Test Started *****
17:49:45.306 [main] INFO  testCases.TC001_AccountsRegistration - ****** Home page Started *****
17:49:45.405 [main] INFO  testCases.TC001_AccountsRegistration - ****** Click On My account *****
17:49:45.659 [main] INFO  testCases.TC001_AccountsRegistration - ****** Click on register *****
17:49:47.162 [main] INFO  testCases.TC001_AccountsRegistration - ****** Registration page Started *****
17:49:47.234 [main] INFO  testCases.TC001_AccountsRegistration - ******Customer Details *****
17:49:50.226 [main] INFO  testCases.TC001_AccountsRegistration - ****** Validating Message *****
17:49:50.341 [main] INFO  testCases.TC001_AccountsRegistration - *** Test Passed *****
17:49:50.342 [main] INFO  testCases.TC001_AccountsRegistration - *** TC001 Test finished *****
17:50:04.497 [main] INFO  testCases.TC002_LoginTest - **** Test Started ****
17:50:07.271 [main] INFO  testCases.TC002_LoginTest - *** Test Finished ****
17:52:50.156 [main] DEBUG org.testng.TestNG - suiteXmlPath: "C:\Users\Udaykumar\eclipse-workspace\OpenCartV1.0\master.xml"
17:53:06.256 [main] INFO  testCases.TC001_AccountsRegistration - ******  Test Started *****
17:53:06.257 [main] INFO  testCases.TC001_AccountsRegistration - ****** Home page Started *****
17:53:06.296 [main] INFO  testCases.TC001_AccountsRegistration - ****** Click On My account *****
17:53:06.448 [main] INFO  testCases.TC001_AccountsRegistration - ****** Click on register *****
17:53:07.635 [main] INFO  testCases.TC001_AccountsRegistration - ****** Registration page Started *****
17:53:07.648 [main] INFO  testCases.TC001_AccountsRegistration - ******Customer Details *****
17:53:09.765 [main] INFO  testCases.TC001_AccountsRegistration - ****** Validating Message *****
17:53:09.846 [main] INFO  testCases.TC001_AccountsRegistration - *** Test Passed *****
17:53:09.846 [main] INFO  testCases.TC001_AccountsRegistration - *** TC001 Test finished *****
17:53:24.337 [main] INFO  testCases.TC002_LoginTest - **** Test Started ****
17:53:26.757 [main] INFO  testCases.TC002_LoginTest - *** Test Finished ****
